2018-04-20 01:25:28 +0000  Initial pipeline context: <IDEDistributionProcessingPipelineContext: 0x7fdc3cb7f860; archive(resolved)='<IDEArchive: 0x7fdc3ef14ef0>', distributionTask(resolved)='2', distributionMethod(resolved)='<IDEDistributionMethodDevelopmentSigned: 0x7fdc39083560>', team(resolved)='<IDEProvisioningBasicTeam 0x7fdc3dee8bc0: teamID: QW4T6B6L7X, teamName: Hangzhou Didi Network Technology Co., Ltd.>'>
	Chain (11, self inclusive):
	<IDEDistributionProcessingPipelineContext: 0x7fdc3cb7f860; archive = '<IDEArchive: 0x7fdc3ef14ef0>', distributionMethod='<IDEDistributionMethodDevelopmentSigned: 0x7fdc39083560>', team='<IDEProvisioningBasicTeam 0x7fdc3dee8bc0: teamID: QW4T6B6L7X, teamName: Hangzhou Didi Network Technology Co., Ltd.>'>
	<IDEDistributionProcessingPipelineContext: 0x7fdc283c5950; archive = '<IDEArchive: 0x7fdc3ef14ef0>', distributionMethod='<IDEDistributionMethodDevelopmentSigned: 0x7fdc39083560>', team='<IDEProvisioningBasicTeam 0x7fdc3dee8bc0: teamID: QW4T6B6L7X, teamName: Hangzhou Didi Network Technology Co., Ltd.>'>
	<IDEDistributionContext: 0x7fdc352e9eb0; archive = '<IDEArchive: 0x7fdc3ef14ef0>', distributionMethod='<IDEDistributionMethodDevelopmentSigned: 0x7fdc39083560>', team='<IDEProvisioningBasicTeam 0x7fdc3dee8bc0: teamID: QW4T6B6L7X, teamName: Hangzhou Didi Network Technology Co., Ltd.>'>
	<IDEDistributionContext: 0x7fdc3fdc0100; archive = '<IDEArchive: 0x7fdc3ef14ef0>', distributionMethod='<IDEDistributionMethodDevelopmentSigned: 0x7fdc39083560>', team='<IDEProvisioningBasicTeam 0x7fdc3dee8bc0: teamID: QW4T6B6L7X, teamName: Hangzhou Didi Network Technology Co., Ltd.>'>
	<IDEDistributionContext: 0x7fdc3ede3600; archive = '<IDEArchive: 0x7fdc3ef14ef0>', distributionMethod='<IDEDistributionMethodDevelopmentSigned: 0x7fdc39083560>', team='<IDEProvisioningBasicTeam 0x7fdc3dee8bc0: teamID: QW4T6B6L7X, teamName: Hangzhou Didi Network Technology Co., Ltd.>'>
	<IDEDistributionContext: 0x7fdc353cdcb0; archive = '<IDEArchive: 0x7fdc3ef14ef0>', distributionMethod='<IDEDistributionMethodDevelopmentSigned: 0x7fdc39083560>', team='<IDEProvisioningBasicTeam 0x7fdc3dee8bc0: teamID: QW4T6B6L7X, teamName: Hangzhou Didi Network Technology Co., Ltd.>'>
	<IDEDistributionContext: 0x7fdc3ca448c0; archive = '<IDEArchive: 0x7fdc3ef14ef0>', distributionMethod='<IDEDistributionMethodDevelopmentSigned: 0x7fdc39083560>', team='<IDEProvisioningBasicTeam 0x7fdc3dee8bc0: teamID: QW4T6B6L7X, teamName: Hangzhou Didi Network Technology Co., Ltd.>'>
	<IDEDistributionContext: 0x7fdc3fc50e10; archive = '<IDEArchive: 0x7fdc3ef14ef0>', distributionMethod='<IDEDistributionMethodDevelopmentSigned: 0x7fdc39083560>', team='<IDEProvisioningBasicTeam 0x7fdc3dee8bc0: teamID: QW4T6B6L7X, teamName: Hangzhou Didi Network Technology Co., Ltd.>'>
	<IDEDistributionContext: 0x7fdc3f979ec0; archive = '<IDEArchive: 0x7fdc3ef14ef0>', distributionMethod='<IDEDistributionMethodDevelopmentSigned: 0x7fdc39083560>', team='<IDEProvisioningBasicTeam 0x7fdc3dee8bc0: teamID: QW4T6B6L7X, teamName: Hangzhou Didi Network Technology Co., Ltd.>'>
	<IDEDistributionContext: 0x7fdc352e4fb0; archive = '<IDEArchive: 0x7fdc3ef14ef0>', distributionMethod='<IDEDistributionMethodDevelopmentSigned: 0x7fdc39083560>', team='(null)'>
	<IDEDistributionContext: 0x7fdc353e1bc0; archive = '<IDEArchive: 0x7fdc3ef14ef0>', distributionMethod='(null)', team='(null)'>
</IDEDistributionProcessingPipelineContext: 0x7fdc3cb7f860>
2018-04-20 01:25:28 +0000  Processing step: IDEDistributionCreateDestRootStep
2018-04-20 01:25:28 +0000  Processing step: IDEDistributionCopyItemStep
2018-04-20 01:25:28 +0000  Running /usr/bin/ditto '-V' '/Users/zhouqilei/Library/Developer/Xcode/Archives/2018-04-20/嘀嘀点呗 2018-4-20 上午9.23.xcarchive/Products/Applications/嘀嘀点呗.app' '/var/folders/yg/crxz578s4sbb5dpffvr681nw0000gn/T/XcodeDistPipeline.wuD/Root/Payload/嘀嘀点呗.app'
2018-04-20 01:25:28 +0000  >>> Copying /Users/zhouqilei/Library/Developer/Xcode/Archives/2018-04-20/嘀嘀点呗 2018-4-20 上午9.23.xcarchive/Products/Applications/嘀嘀点呗.app 
2018-04-20 01:25:28 +0000  copying file ./鲜花@3x.png ... 
2018-04-20 01:25:28 +0000  9779 bytes for ./鲜花@3x.png
copying file ./红包.png ... 
2018-04-20 01:25:28 +0000  438 bytes for ./红包.png
copying file ./图层 13@3x.png ... 
2018-04-20 01:25:28 +0000  11547 bytes for ./图层 13@3x.png
2018-04-20 01:25:28 +0000  copying file ./_CodeSignature/CodeResources ... 
2018-04-20 01:25:28 +0000  63816 bytes for ./_CodeSignature/CodeResources
2018-04-20 01:25:28 +0000  copying file ./mapapi.bundle/images/icon_paopao_middle_right.png ... 
2018-04-20 01:25:28 +0000  3411 bytes for ./mapapi.bundle/images/icon_paopao_middle_right.png
copying file ./mapapi.bundle/images/icon_nav_bus@2x.png ... 
2018-04-20 01:25:28 +0000  1394 bytes for ./mapapi.bundle/images/icon_nav_bus@2x.png
copying file ./mapapi.bundle/images/icon_nav_start@2x.png ... 
2018-04-20 01:25:28 +0000  7712 bytes for ./mapapi.bundle/images/icon_nav_start@2x.png
copying file ./mapapi.bundle/images/icon_paopao_middle_right_highlighted.png ... 
2018-04-20 01:25:28 +0000  3386 bytes for ./mapapi.bundle/images/icon_paopao_middle_right_highlighted.png
copying file ./mapapi.bundle/images/baidumap_logo.png ... 
2018-04-20 01:25:28 +0000  4387 bytes for ./mapapi.bundle/images/baidumap_logo.png
2018-04-20 01:25:28 +0000  copying file ./mapapi.bundle/images/icon_action_paopao_middle_left_highlighted.png ... 
2018-04-20 01:25:28 +0000  3059 bytes for ./mapapi.bundle/images/icon_action_paopao_middle_left_highlighted.png
copying file ./mapapi.bundle/images/pin_red.png ... 
2018-04-20 01:25:28 +0000  3865 bytes for ./mapapi.bundle/images/pin_red.png
copying file ./mapapi.bundle/images/icon_nav_waypoint.png ... 
2018-04-20 01:25:28 +0000  4693 bytes for ./mapapi.bundle/images/icon_nav_waypoint.png
2018-04-20 01:25:28 +0000  copying file ./mapapi.bundle/images/icon_nav_rail@2x.png ... 
2018-04-20 01:25:28 +0000  1555 bytes for ./mapapi.bundle/images/icon_nav_rail@2x.png
2018-04-20 01:25:28 +0000  copying file ./mapapi.bundle/images/icon_nav_rail.png ... 
2018-04-20 01:25:28 +0000  1950 bytes for ./mapapi.bundle/images/icon_nav_rail.png
copying file ./mapapi.bundle/images/icon_nav_end@2x.png ... 
2018-04-20 01:25:28 +0000  7991 bytes for ./mapapi.bundle/images/icon_nav_end@2x.png
2018-04-20 01:25:28 +0000  copying file ./mapapi.bundle/images/pin_purple@2x.png ... 
2018-04-20 01:25:28 +0000  5716 bytes for ./mapapi.bundle/images/pin_purple@2x.png
copying file ./mapapi.bundle/images/icon_nav_end.png ... 
2018-04-20 01:25:28 +0000  4793 bytes for ./mapapi.bundle/images/icon_nav_end.png
2018-04-20 01:25:28 +0000  copying file ./mapapi.bundle/images/icon_cellphone@2x.png ... 
2018-04-20 01:25:28 +0000  4674 bytes for ./mapapi.bundle/images/icon_cellphone@2x.png
2018-04-20 01:25:28 +0000  copying file ./mapapi.bundle/images/icon_action_paopao_middle_right_highlighted.png ... 
2018-04-20 01:25:28 +0000  3045 bytes for ./mapapi.bundle/images/icon_action_paopao_middle_right_highlighted.png
copying file ./mapapi.bundle/images/icon_paopao_middle_left@2x.png ... 
2018-04-20 01:25:28 +0000  4308 bytes for ./mapapi.bundle/images/icon_paopao_middle_left@2x.png
2018-04-20 01:25:28 +0000  copying file ./mapapi.bundle/images/icon_action_paopao_middle_left_highlighted@2x.png ... 
2018-04-20 01:25:28 +0000  3421 bytes for ./mapapi.bundle/images/icon_action_paopao_middle_left_highlighted@2x.png
copying file ./mapapi.bundle/images/icon_paopao_middle_left_highlighted.png ... 
2018-04-20 01:25:28 +0000  3452 bytes for ./mapapi.bundle/images/icon_paopao_middle_left_highlighted.png
copying file ./mapapi.bundle/images/icon_action_paopao_middle_right.png ... 
2018-04-20 01:25:28 +0000  3049 bytes for ./mapapi.bundle/images/icon_action_paopao_middle_right.png
copying file ./mapapi.bundle/images/icon_line_nofocus.png ... 
2018-04-20 01:25:28 +0000  112 bytes for ./mapapi.bundle/images/icon_line_nofocus.png
copying file ./mapapi.bundle/images/direction_wheel@2x.png ... 
2018-04-20 01:25:28 +0000  9255 bytes for ./mapapi.bundle/images/direction_wheel@2x.png
2018-04-20 01:25:28 +0000  copying file ./mapapi.bundle/images/pin_purple.png ... 
2018-04-20 01:25:28 +0000  3909 bytes for ./mapapi.bundle/images/pin_purple.png
2018-04-20 01:25:28 +0000  copying file ./mapapi.bundle/images/icon_center_point@2x.png ... 
2018-04-20 01:25:28 +0000  2470 bytes for ./mapapi.bundle/images/icon_center_point@2x.png
2018-04-20 01:25:28 +0000  copying file ./mapapi.bundle/images/icon_nav_start.png ... 
2018-04-20 01:25:28 +0000  4760 bytes for ./mapapi.bundle/images/icon_nav_start.png
2018-04-20 01:25:28 +0000  copying file ./mapapi.bundle/images/icon_direction.png ... 
2018-04-20 01:25:28 +0000  3334 bytes for ./mapapi.bundle/images/icon_direction.png
copying file ./mapapi.bundle/images/icon_action_paopao_middle_left@2x.png ... 
2018-04-20 01:25:28 +0000  3406 bytes for ./mapapi.bundle/images/icon_action_paopao_middle_left@2x.png
copying file ./mapapi.bundle/images/icon_paopao_middle_left.png ... 
2018-04-20 01:25:28 +0000  3397 bytes for ./mapapi.bundle/images/icon_paopao_middle_left.png
2018-04-20 01:25:28 +0000  copying file ./mapapi.bundle/images/icon_compass.png ... 
2018-04-20 01:25:28 +0000  3807 bytes for ./mapapi.bundle/images/icon_compass.png
copying file ./mapapi.bundle/images/icon_paopao_middle_right@2x.png ... 
2018-04-20 01:25:28 +0000  4202 bytes for ./mapapi.bundle/images/icon_paopao_middle_right@2x.png
copying file ./mapapi.bundle/images/direction_wheel.png ... 
2018-04-20 01:25:28 +0000  3839 bytes for ./mapapi.bundle/images/direction_wheel.png
2018-04-20 01:25:28 +0000  copying file ./mapapi.bundle/images/icon_paopao_middle_right_highlighted@2x.png ... 
2018-04-20 01:25:28 +0000  4185 bytes for ./mapapi.bundle/images/icon_paopao_middle_right_highlighted@2x.png
copying file ./mapapi.bundle/images/icon_center_point.png ... 
2018-04-20 01:25:28 +0000  1168 bytes for ./mapapi.bundle/images/icon_center_point.png
2018-04-20 01:25:28 +0000  copying file ./mapapi.bundle/images/lineDashTexture.png ... 
2018-04-20 01:25:28 +0000  194 bytes for ./mapapi.bundle/images/lineDashTexture.png
2018-04-20 01:25:28 +0000  copying file ./mapapi.bundle/images/icon_paopao_middle_left_highlighted@2x.png ... 
2018-04-20 01:25:28 +0000  4291 bytes for ./mapapi.bundle/images/icon_paopao_middle_left_highlighted@2x.png
copying file ./mapapi.bundle/images/icon_action_paopao_middle_right_highlighted@2x.png ... 
2018-04-20 01:25:28 +0000  3328 bytes for ./mapapi.bundle/images/icon_action_paopao_middle_right_highlighted@2x.png
2018-04-20 01:25:28 +0000  copying file ./mapapi.bundle/images/bnavi_icon_location_fixed.png ... 
2018-04-20 01:25:28 +0000  601 bytes for ./mapapi.bundle/images/bnavi_icon_location_fixed.png
copying file ./mapapi.bundle/images/icon_cellphone.png ... 
2018-04-20 01:25:28 +0000  2703 bytes for ./mapapi.bundle/images/icon_cellphone.png
copying file ./mapapi.bundle/images/icon_cellphone2.png ... 
2018-04-20 01:25:28 +0000  3712 bytes for ./mapapi.bundle/images/icon_cellphone2.png
copying file ./mapapi.bundle/images/baidumap_logo@2x.png ... 
2018-04-20 01:25:28 +0000  5920 bytes for ./mapapi.bundle/images/baidumap_logo@2x.png
copying file ./mapapi.bundle/images/icon_compass_background@2x.png ... 
2018-04-20 01:25:28 +0000  5464 bytes for ./mapapi.bundle/images/icon_compass_background@2x.png
copying file ./mapapi.bundle/images/icon_compass_background.png ... 
2018-04-20 01:25:28 +0000  4797 bytes for ./mapapi.bundle/images/icon_compass_background.png
copying file ./mapapi.bundle/images/icon_cellphone2@2x.png ... 
2018-04-20 01:25:28 +0000  7717 bytes for ./mapapi.bundle/images/icon_cellphone2@2x.png
2018-04-20 01:25:28 +0000  copying file ./mapapi.bundle/images/pin_green@2x.png ... 
2018-04-20 01:25:28 +0000  5685 bytes for ./mapapi.bundle/images/pin_green@2x.png
2018-04-20 01:25:28 +0000  copying file ./mapapi.bundle/images/bnavi_icon_location_fixed@2x.png ... 
2018-04-20 01:25:28 +0000  1458 bytes for ./mapapi.bundle/images/bnavi_icon_location_fixed@2x.png
2018-04-20 01:25:28 +0000  copying file ./mapapi.bundle/images/icon_nav_waypoint@2x.png ... 
2018-04-20 01:25:28 +0000  5068 bytes for ./mapapi.bundle/images/icon_nav_waypoint@2x.png
2018-04-20 01:25:28 +0000  copying file ./mapapi.bundle/images/line_texture.png ... 
2018-04-20 01:25:28 +0000  2830 bytes for ./mapapi.bundle/images/line_texture.png
copying file ./mapapi.bundle/images/pin_green.png ... 
2018-04-20 01:25:28 +0000  3896 bytes for ./mapapi.bundle/images/pin_green.png
2018-04-20 01:25:28 +0000  copying file ./mapapi.bundle/images/icon_nav_bus.png ... 
2018-04-20 01:25:28 +0000  1818 bytes for ./mapapi.bundle/images/icon_nav_bus.png
2018-04-20 01:25:28 +0000  copying file ./mapapi.bundle/images/icon_direction@2x.png ... 
2018-04-20 01:25:28 +0000  3496 bytes for ./mapapi.bundle/images/icon_direction@2x.png
copying file ./mapapi.bundle/images/icon_compass@2x.png ... 
2018-04-20 01:25:28 +0000  2972 bytes for ./mapapi.bundle/images/icon_compass@2x.png
copying file ./mapapi.bundle/images/icon_action_paopao_middle_left.png ... 
2018-04-20 01:25:28 +0000  3065 bytes for ./mapapi.bundle/images/icon_action_paopao_middle_left.png
2018-04-20 01:25:28 +0000  copying file ./mapapi.bundle/images/icon_action_paopao_middle_right@2x.png ... 
2018-04-20 01:25:28 +0000  3323 bytes for ./mapapi.bundle/images/icon_action_paopao_middle_right@2x.png
2018-04-20 01:25:28 +0000  copying file ./mapapi.bundle/images/pin_red@2x.png ... 
2018-04-20 01:25:28 +0000  5533 bytes for ./mapapi.bundle/images/pin_red@2x.png
2018-04-20 01:25:28 +0000  copying file ./mapapi.bundle/files/cfg/a/street.sty ... 
2018-04-20 01:25:28 +0000  1374 bytes for ./mapapi.bundle/files/cfg/a/street.sty
copying file ./mapapi.bundle/files/cfg/a/DVVersion.cfg ... 
2018-04-20 01:25:28 +0000  700 bytes for ./mapapi.bundle/files/cfg/a/DVVersion.cfg
2018-04-20 01:25:28 +0000  copying file ./mapapi.bundle/files/cfg/a/mode_4/map.sty ... 
2018-04-20 01:25:28 +0000  413269 bytes for ./mapapi.bundle/files/cfg/a/mode_4/map.sty
2018-04-20 01:25:28 +0000  copying file ./mapapi.bundle/files/cfg/a/mode_4/map.rs ... 
2018-04-20 01:25:28 +0000  93341 bytes for ./mapapi.bundle/files/cfg/a/mode_4/map.rs
2018-04-20 01:25:28 +0000  copying file ./mapapi.bundle/files/cfg/a/DVStreet.cfg ... 
2018-04-20 01:25:28 +0000  24669 bytes for ./mapapi.bundle/files/cfg/a/DVStreet.cfg
2018-04-20 01:25:28 +0000  copying file ./mapapi.bundle/files/cfg/a/DVHotcity.cfg ... 
2018-04-20 01:25:28 +0000  1937 bytes for ./mapapi.bundle/files/cfg/a/DVHotcity.cfg
2018-04-20 01:25:28 +0000  copying file ./mapapi.bundle/files/cfg/a/mode_2/map.sty ... 
2018-04-20 01:25:28 +0000  386535 bytes for ./mapapi.bundle/files/cfg/a/mode_2/map.sty
2018-04-20 01:25:28 +0000  copying file ./mapapi.bundle/files/cfg/a/DVDirectory.cfg ... 
2018-04-20 01:25:28 +0000  138510 bytes for ./mapapi.bundle/files/cfg/a/DVDirectory.cfg
2018-04-20 01:25:28 +0000  copying file ./mapapi.bundle/files/cfg/a/DVHotMap.cfg ... 
2018-04-20 01:25:28 +0000  11174 bytes for ./mapapi.bundle/files/cfg/a/DVHotMap.cfg
copying file ./mapapi.bundle/files/cfg/a/DVSDirectory.cfg ... 
2018-04-20 01:25:28 +0000  7483 bytes for ./mapapi.bundle/files/cfg/a/DVSDirectory.cfg
2018-04-20 01:25:28 +0000  copying file ./mapapi.bundle/files/cfg/a/mode_1/reduct.sty ... 
2018-04-20 01:25:28 +0000  466440 bytes for ./mapapi.bundle/files/cfg/a/mode_1/reduct.sty
2018-04-20 01:25:28 +0000  copying file ./mapapi.bundle/files/cfg/a/mode_1/map.sty ... 
2018-04-20 01:25:28 +0000  930760 bytes for ./mapapi.bundle/files/cfg/a/mode_1/map.sty
2018-04-20 01:25:28 +0000  copying file ./mapapi.bundle/files/cfg/a/mode_1/traffic.sty ... 
2018-04-20 01:25:28 +0000  468628 bytes for ./mapapi.bundle/files/cfg/a/mode_1/traffic.sty
2018-04-20 01:25:28 +0000  copying file ./mapapi.bundle/files/cfg/a/mode_1/car.sty ... 
2018-04-20 01:25:28 +0000  342834 bytes for ./mapapi.bundle/files/cfg/a/mode_1/car.sty
copying file ./mapapi.bundle/files/cfg/a/mode_1/traffic.rs ... 
2018-04-20 01:25:28 +0000  131766 bytes for ./mapapi.bundle/files/cfg/a/mode_1/traffic.rs
copying file ./mapapi.bundle/files/cfg/a/mode_1/bus.sty ... 
2018-04-20 01:25:28 +0000  450779 bytes for ./mapapi.bundle/files/cfg/a/mode_1/bus.sty
2018-04-20 01:25:28 +0000  copying file ./mapapi.bundle/files/cfg/a/mode_1/cycle.sty ... 
2018-04-20 01:25:28 +0000  469495 bytes for ./mapapi.bundle/files/cfg/a/mode_1/cycle.sty
copying file ./mapapi.bundle/files/cfg/a/mode_1/map.rs ... 
2018-04-20 01:25:28 +0000  858906 bytes for ./mapapi.bundle/files/cfg/a/mode_1/map.rs
2018-04-20 01:25:28 +0000  copying file ./mapapi.bundle/files/cfg/a/mode_1/reduct.rs ... 
2018-04-20 01:25:28 +0000  279264 bytes for ./mapapi.bundle/files/cfg/a/mode_1/reduct.rs
2018-04-20 01:25:28 +0000  copying file ./mapapi.bundle/files/cfg/a/CustomIndex ... 
2018-04-20 01:25:28 +0000  11327 bytes for ./mapapi.bundle/files/cfg/a/CustomIndex
2018-04-20 01:25:28 +0000  copying file ./mapapi.bundle/files/cfg/idrres/baseindoormap.sty ... 
2018-04-20 01:25:28 +0000  47979 bytes for ./mapapi.bundle/files/cfg/idrres/baseindoormap.sty
2018-04-20 01:25:28 +0000  copying file ./mapapi.bundle/files/cfg/idrres/ResPackIndoorMap.rs ... 
2018-04-20 01:25:28 +0000  264334 bytes for ./mapapi.bundle/files/cfg/idrres/ResPackIndoorMap.rs
copying file ./mapapi.bundle/files/cfg/idrres/DVIndoor.cfg ... 
2018-04-20 01:25:28 +0000  14408 bytes for ./mapapi.bundle/files/cfg/idrres/DVIndoor.cfg
2018-04-20 01:25:28 +0000  copying file ./zh-Hans.lproj/LaunchScreen.strings ... 
2018-04-20 01:25:28 +0000  1 bytes for ./zh-Hans.lproj/LaunchScreen.strings
copying file ./zh-Hans.lproj/Main.strings ... 
2018-04-20 01:25:28 +0000  1 bytes for ./zh-Hans.lproj/Main.strings
2018-04-20 01:25:28 +0000  copying file ./LaunchImage-1100-Portrait-2436h@3x.png ... 
2018-04-20 01:25:28 +0000  250697 bytes for ./LaunchImage-1100-Portrait-2436h@3x.png
2018-04-20 01:25:28 +0000  copying file ./钱包@3x.png ... 
2018-04-20 01:25:28 +0000  2410 bytes for ./钱包@3x.png
copying file ./61514284698_.pic_hd.jpg ... 
2018-04-20 01:25:28 +0000  80681 bytes for ./61514284698_.pic_hd.jpg
copying file ./star-half.png ... 
2018-04-20 01:25:28 +0000  2466 bytes for ./star-half.png
2018-04-20 01:25:28 +0000  copying file ./嘀嘀点呗 ... 
2018-04-20 01:25:28 +0000  12884480 bytes for ./嘀嘀点呗
copying file ./文件@3x.png ... 
2018-04-20 01:25:28 +0000  8673 bytes for ./文件@3x.png
copying file ./美食 (1)@2x.png ... 
3796 bytes for ./美食 (1)@2x.png
copying file ./独立吸烟区 (1)@2x.png ... 
4235 bytes for ./独立吸烟区 (1)@2x.png
copying file ./独立吸烟区 (1)@3x.png ... 
8680 bytes for ./独立吸烟区 (1)@3x.png
copying file ./文件@2x.png ... 
4445 bytes for ./文件@2x.png
copying file ./美食 (1)@3x.png ... 
7571 bytes for ./美食 (1)@3x.png
copying file ./购物车-23 (1).png ... 
1999 bytes for ./购物车-23 (1).png
copying file ./登录.png ... 
1155 bytes for ./登录.png
copying file ./钱包@2x.png ... 
1265 bytes for ./钱包@2x.png
copying file ./类目 品类 分类 类别.png ... 
1611 bytes for ./类目 品类 分类 类别.png
copying file ./超出配送范围.png ... 
2367 bytes for ./超出配送范围.png
copying file ./MJRefresh.bundle/zh-Hans.lproj/Localizable.strings ... 
1194 bytes for ./MJRefresh.bundle/zh-Hans.lproj/Localizable.strings
copying file ./MJRefresh.bundle/en.lproj/Localizable.strings ... 
1372 bytes for ./MJRefresh.bundle/en.lproj/Localizable.strings
copying file ./MJRefresh.bundle/arrow@2x.png ... 
1033 bytes for ./MJRefresh.bundle/arrow@2x.png
copying file ./MJRefresh.bundle/zh-Hant.lproj/Localizable.strings ... 
773 bytes for ./MJRefresh.bundle/zh-Hant.lproj/Localizable.strings
copying file ./鲜花.png ... 
1265 bytes for ./鲜花.png
copying file ./鲜花@2x.png ... 
4933 bytes for ./鲜花@2x.png
copying file ./图层 13@2x.png ... 
5301 bytes for ./图层 13@2x.png
copying file ./酒水.png ... 
1025 bytes for ./酒水.png
copying file ./IQKeyboardManager.bundle/IQButtonBarArrowRight@2x.png ... 
1786 bytes for ./IQKeyboardManager.bundle/IQButtonBarArrowRight@2x.png
copying file ./IQKeyboardManager.bundle/IQButtonBarArrowUp@3x.png ... 
2164 bytes for ./IQKeyboardManager.bundle/IQButtonBarArrowUp@3x.png
copying file ./IQKeyboardManager.bundle/IQButtonBarArrowUp@2x.png ... 
1769 bytes for ./IQKeyboardManager.bundle/IQButtonBarArrowUp@2x.png
copying file ./IQKeyboardManager.bundle/IQButtonBarArrowRight@3x.png ... 
1844 bytes for ./IQKeyboardManager.bundle/IQButtonBarArrowRight@3x.png
copying file ./IQKeyboardManager.bundle/IQButtonBarArrowLeft@3x.png ... 
1815 bytes for ./IQKeyboardManager.bundle/IQButtonBarArrowLeft@3x.png
copying file ./IQKeyboardManager.bundle/IQButtonBarArrowDown@3x.png ... 
2177 bytes for ./IQKeyboardManager.bundle/IQButtonBarArrowDown@3x.png
copying file ./IQKeyboardManager.bundle/IQButtonBarArrowDown@2x.png ... 
2018-04-20 01:25:28 +0000  1764 bytes for ./IQKeyboardManager.bundle/IQButtonBarArrowDown@2x.png
copying file ./IQKeyboardManager.bundle/IQButtonBarArrowLeft@2x.png ... 
2018-04-20 01:25:28 +0000  1793 bytes for ./IQKeyboardManager.bundle/IQButtonBarArrowLeft@2x.png
2018-04-20 01:25:28 +0000  copying file ./椭圆 1.png ... 
2018-04-20 01:25:28 +0000  400 bytes for ./椭圆 1.png
copying file ./椭圆 11@3x.png ... 
459 bytes for ./椭圆 11@3x.png
copying file ./购物@2x.png ... 
2018-04-20 01:25:28 +0000  5465 bytes for ./购物@2x.png
copying file ./类目 品类 分类 类别@2x.png ... 
5799 bytes for ./类目 品类 分类 类别@2x.png
copying file ./酒水@3x.png ... 
7563 bytes for ./酒水@3x.png
copying file ./药 (1)@3x.png ... 
2018-04-20 01:25:28 +0000  8409 bytes for ./药 (1)@3x.png
copying file ./红包@3x.png ... 
2018-04-20 01:25:28 +0000  2194 bytes for ./红包@3x.png
copying file ./评论.png ... 
2018-04-20 01:25:28 +0000  595 bytes for ./评论.png
2018-04-20 01:25:28 +0000  copying file ./下拉1.png ... 
2018-04-20 01:25:28 +0000  144 bytes for ./下拉1.png
copying file ./LaunchImage-800-667h@2x.png ... 
2018-04-20 01:25:28 +0000  74035 bytes for ./LaunchImage-800-667h@2x.png
copying file ./图层 1.png ... 
2018-04-20 01:25:28 +0000  9459 bytes for ./图层 1.png
2018-04-20 01:25:28 +0000  copying file ./红包@2x.png ... 
2018-04-20 01:25:28 +0000  1108 bytes for ./红包@2x.png
copying file ./药 (1)@2x.png ... 
2018-04-20 01:25:28 +0000  4112 bytes for ./药 (1)@2x.png
2018-04-20 01:25:28 +0000  copying file ./酒水@2x.png ... 
2018-04-20 01:25:28 +0000  3763 bytes for ./酒水@2x.png
2018-04-20 01:25:28 +0000  copying file ./椭圆 11.png ... 
2018-04-20 01:25:28 +0000  128 bytes for ./椭圆 11.png
copying file ./购物.png ... 
2018-04-20 01:25:28 +0000  1555 bytes for ./购物.png
copying file ./图层 10 拷贝.png ... 
2018-04-20 01:25:28 +0000  1279 bytes for ./图层 10 拷贝.png
copying file ./椭圆 11@2x.png ... 
2018-04-20 01:25:28 +0000  249 bytes for ./椭圆 11@2x.png
copying file ./购物@3x.png ... 
2018-04-20 01:25:28 +0000  10466 bytes for ./购物@3x.png
2018-04-20 01:25:28 +0000  copying file ./类目 品类 分类 类别@3x.png ... 
2018-04-20 01:25:28 +0000  11037 bytes for ./类目 品类 分类 类别@3x.png
copying file ./椭圆 1 拷贝.png ... 
2018-04-20 01:25:28 +0000  112 bytes for ./椭圆 1 拷贝.png
2018-04-20 01:25:28 +0000  copying file ./Base.lproj/Main.storyboardc/UIViewController-BYZ-38-t0r.nib ... 
2018-04-20 01:25:28 +0000  916 bytes for ./Base.lproj/Main.storyboardc/UIViewController-BYZ-38-t0r.nib
copying file ./Base.lproj/Main.storyboardc/BYZ-38-t0r-view-8bC-Xf-vdC.nib ... 
2018-04-20 01:25:28 +0000  1791 bytes for ./Base.lproj/Main.storyboardc/BYZ-38-t0r-view-8bC-Xf-vdC.nib
copying file ./Base.lproj/Main.storyboardc/Info.plist ... 
2018-04-20 01:25:28 +0000  258 bytes for ./Base.lproj/Main.storyboardc/Info.plist
2018-04-20 01:25:28 +0000  copying file ./Base.lproj/LaunchScreen.storyboardc/01J-lp-oVM-view-Ze5-6b-2t3.nib ... 
2018-04-20 01:25:28 +0000  1791 bytes for ./Base.lproj/LaunchScreen.storyboardc/01J-lp-oVM-view-Ze5-6b-2t3.nib
copying file ./Base.lproj/LaunchScreen.storyboardc/UIViewController-01J-lp-oVM.nib ... 
2018-04-20 01:25:28 +0000  832 bytes for ./Base.lproj/LaunchScreen.storyboardc/UIViewController-01J-lp-oVM.nib
2018-04-20 01:25:28 +0000  copying file ./Base.lproj/LaunchScreen.storyboardc/Info.plist ... 
2018-04-20 01:25:28 +0000  258 bytes for ./Base.lproj/LaunchScreen.storyboardc/Info.plist
2018-04-20 01:25:28 +0000  copying file ./archived-expanded-entitlements.xcent ... 
2018-04-20 01:25:28 +0000  374 bytes for ./archived-expanded-entitlements.xcent
copying file ./水果@3x.png ... 
2018-04-20 01:25:28 +0000  10123 bytes for ./水果@3x.png
2018-04-20 01:25:28 +0000  copying file ./地址 (1)@2x.png ... 
2018-04-20 01:25:28 +0000  2897 bytes for ./地址 (1)@2x.png
2018-04-20 01:25:28 +0000  copying file ./钱包.png ... 
2018-04-20 01:25:28 +0000  456 bytes for ./钱包.png
copying file ./编辑 (1).png ... 
2018-04-20 01:25:28 +0000  341 bytes for ./编辑 (1).png
2018-04-20 01:25:28 +0000  copying file ./下拉1@2x.png ... 
2018-04-20 01:25:28 +0000  284 bytes for ./下拉1@2x.png
2018-04-20 01:25:28 +0000  copying file ./图层 1@2x.png ... 
2018-04-20 01:25:28 +0000  11802 bytes for ./图层 1@2x.png
copying file ./登录@2x.png ... 
2018-04-20 01:25:28 +0000  4544 bytes for ./登录@2x.png
2018-04-20 01:25:28 +0000  copying file ./椭圆 1@2x.png ... 
2018-04-20 01:25:28 +0000  1159 bytes for ./椭圆 1@2x.png
copying file ./Assets.car ... 
2018-04-20 01:25:28 +0000  122696 bytes for ./Assets.car
copying file ./图层 10 拷贝@2x.png ... 
2018-04-20 01:25:28 +0000  4391 bytes for ./图层 10 拷贝@2x.png
2018-04-20 01:25:28 +0000  copying file ./蛋糕 (1)@3x.png ... 
2018-04-20 01:25:28 +0000  7895 bytes for ./蛋糕 (1)@3x.png
copying file ./水果.png ... 
2018-04-20 01:25:28 +0000  1266 bytes for ./水果.png
copying file ./star-empty.png ... 
2018-04-20 01:25:28 +0000  2638 bytes for ./star-empty.png
2018-04-20 01:25:28 +0000  copying file ./图层 12@3x.png ... 
2018-04-20 01:25:28 +0000  10842 bytes for ./图层 12@3x.png
copying file ./蛋糕 (1).png ... 
2018-04-20 01:25:28 +0000  1020 bytes for ./蛋糕 (1).png
copying file ./LaunchImage-800-Portrait-736h@3x.png ... 
2018-04-20 01:25:28 +0000  251681 bytes for ./LaunchImage-800-Portrait-736h@3x.png
2018-04-20 01:25:28 +0000  copying file ./图层 12@2x.png ... 
2018-04-20 01:25:28 +0000  5087 bytes for ./图层 12@2x.png
copying file ./LocationDemoViewController.nib ... 
2018-04-20 01:25:28 +0000  3114 bytes for ./LocationDemoViewController.nib
copying file ./蛋糕 (1)@2x.png ... 
2018-04-20 01:25:28 +0000  4022 bytes for ./蛋糕 (1)@2x.png
copying file ./图层 10 拷贝@3x.png ... 
2018-04-20 01:25:28 +0000  9479 bytes for ./图层 10 拷贝@3x.png
2018-04-20 01:25:28 +0000  copying file ./椭圆 1@3x.png ... 
2018-04-20 01:25:28 +0000  2379 bytes for ./椭圆 1@3x.png
2018-04-20 01:25:28 +0000  copying file ./登录@3x.png ... 
2018-04-20 01:25:28 +0000  8822 bytes for ./登录@3x.png
copying file ./图层 13.png ... 
2018-04-20 01:25:28 +0000  1484 bytes for ./图层 13.png
2018-04-20 01:25:28 +0000  copying file ./图层 1@3x.png ... 
2018-04-20 01:25:28 +0000  65184 bytes for ./图层 1@3x.png
copying file ./下拉1@3x.png ... 
2018-04-20 01:25:28 +0000  656 bytes for ./下拉1@3x.png
copying file ./文件.png ... 
2018-04-20 01:25:28 +0000  1150 bytes for ./文件.png
copying file ./XRPlaceholder.png ... 
2018-04-20 01:25:28 +0000  170626 bytes for ./XRPlaceholder.png
2018-04-20 01:25:28 +0000  copying file ./图层 12.png ... 
2018-04-20 01:25:28 +0000  1404 bytes for ./图层 12.png
2018-04-20 01:25:28 +0000  copying file ./地址 (1)@3x.png ... 
2018-04-20 01:25:28 +0000  6181 bytes for ./地址 (1)@3x.png
2018-04-20 01:25:28 +0000  copying file ./水果@2x.png ... 
2018-04-20 01:25:28 +0000  4899 bytes for ./水果@2x.png
2018-04-20 01:25:28 +0000  copying file ./纸飞机.png ... 
2018-04-20 01:25:28 +0000  2303 bytes for ./纸飞机.png
copying file ./超出配送范围@2x.png ... 
2018-04-20 01:25:28 +0000  8339 bytes for ./超出配送范围@2x.png
copying file ./评论@3x.png ... 
2018-04-20 01:25:28 +0000  4411 bytes for ./评论@3x.png
2018-04-20 01:25:28 +0000  copying file ./购物车-23 (1)@3x.png ... 
2018-04-20 01:25:28 +0000  16602 bytes for ./购物车-23 (1)@3x.png
2018-04-20 01:25:28 +0000  copying file ./椭圆 1 拷贝@3x.png ... 
2018-04-20 01:25:28 +0000  458 bytes for ./椭圆 1 拷贝@3x.png
2018-04-20 01:25:28 +0000  copying file ./编辑 (1)@2x.png ... 
2018-04-20 01:25:28 +0000  1003 bytes for ./编辑 (1)@2x.png
copying file ./美食 (1).png ... 
2018-04-20 01:25:28 +0000  979 bytes for ./美食 (1).png
copying file ./star--full.png ... 
2018-04-20 01:25:28 +0000  1943 bytes for ./star--full.png
copying file ./纸飞机@2x.png ... 
2018-04-20 01:25:28 +0000  8684 bytes for ./纸飞机@2x.png
2018-04-20 01:25:28 +0000  copying file ./embedded.mobileprovision ... 
2018-04-20 01:25:28 +0000  14872 bytes for ./embedded.mobileprovision
copying file ./纸飞机@3x.png ... 
2018-04-20 01:25:28 +0000  18176 bytes for ./纸飞机@3x.png
2018-04-20 01:25:28 +0000  copying file ./51514284697_.pic_hd.jpg ... 
2018-04-20 01:25:28 +0000  150818 bytes for ./51514284697_.pic_hd.jpg
2018-04-20 01:25:28 +0000  copying file ./独立吸烟区 (1).png ... 
2018-04-20 01:25:28 +0000  1079 bytes for ./独立吸烟区 (1).png
copying file ./编辑 (1)@3x.png ... 
2018-04-20 01:25:28 +0000  1809 bytes for ./编辑 (1)@3x.png
copying file ./椭圆 1 拷贝@2x.png ... 
2018-04-20 01:25:28 +0000  246 bytes for ./椭圆 1 拷贝@2x.png
2018-04-20 01:25:28 +0000  copying file ./Info.plist ... 
2018-04-20 01:25:28 +0000  1659 bytes for ./Info.plist
copying file ./药 (1).png ... 
2018-04-20 01:25:28 +0000  1041 bytes for ./药 (1).png
2018-04-20 01:25:28 +0000  copying file ./评论@2x.png ... 
2018-04-20 01:25:28 +0000  1824 bytes for ./评论@2x.png
copying file ./购物车-23 (1)@2x.png ... 
2018-04-20 01:25:28 +0000  8351 bytes for ./购物车-23 (1)@2x.png
2018-04-20 01:25:28 +0000  copying file ./超出配送范围@3x.png ... 
2018-04-20 01:25:28 +0000  17129 bytes for ./超出配送范围@3x.png
copying file ./PkgInfo ... 
2018-04-20 01:25:28 +0000  8 bytes for ./PkgInfo
copying file ./地址 (1).png ... 
2018-04-20 01:25:28 +0000  857 bytes for ./地址 (1).png
2018-04-20 01:25:28 +0000  2018-04-20 01:25:28 +0000  

2018-04-20 01:25:28 +0000  /usr/bin/ditto exited with 0
2018-04-20 01:25:28 +0000  
2018-04-20 01:25:28 +0000  
2018-04-20 01:25:28 +0000  Processing step: IDEDistributionEmbedProfileStep
2018-04-20 01:25:28 +0000  Processing step: IDEDistributionAppThinningPlistStep
2018-04-20 01:25:28 +0000  Skipping step: IDEDistributionAppThinningPlistStep because it said so
2018-04-20 01:25:28 +0000  Processing step: IDEDistributionCompileBitcodeStep
2018-04-20 01:25:28 +0000  Skipping step: IDEDistributionCompileBitcodeStep because it said so
2018-04-20 01:25:28 +0000  Processing step: IDEDistributionCodeSlimmingStep
2018-04-20 01:25:28 +0000  Processing step: IDEDistributionCopyBCSymbolMapsStep
2018-04-20 01:25:28 +0000  Skipping step: IDEDistributionCopyBCSymbolMapsStep because it said so
2018-04-20 01:25:28 +0000  Processing step: IDEDistributionSymbolsStep
2018-04-20 01:25:28 +0000  Skipping step: IDEDistributionSymbolsStep because it said so
2018-04-20 01:25:28 +0000  Processing step: IDEDistributionAppThinningStep
2018-04-20 01:25:28 +0000  Skipping step: IDEDistributionAppThinningStep because it said so
2018-04-20 01:25:28 +0000  Processing step: IDEDistributionODRStep
2018-04-20 01:25:28 +0000  Processing step: IDEDistributionStripXattrsStep
2018-04-20 01:25:28 +0000  Running /usr/bin/xattr '-crs' '/var/folders/yg/crxz578s4sbb5dpffvr681nw0000gn/T/XcodeDistPipeline.wuD/Root/Payload/嘀嘀点呗.app'
2018-04-20 01:25:28 +0000  2018-04-20 01:25:28 +0000  
2018-04-20 01:25:28 +0000  /usr/bin/xattr exited with 0

2018-04-20 01:25:28 +0000  
2018-04-20 01:25:28 +0000  Processing step: IDEDistributionCodesignStep
2018-04-20 01:25:28 +0000  Applying entitlements delta for <IDEDistributionItem: 0x7fdc282b1eb0 'com.didiwaimai.www' '<DVTFilePath:0x7fdc38b8e590:'/Users/zhouqilei/Library/Developer/Xcode/Archives/2018-04-20/嘀嘀点呗 2018-4-20 上午9.23.xcarchive/Products/Applications/嘀嘀点呗.app'>'> from <IDEiCloudEntitlementsProcessor: 0x7fdc2637a650>: {
}
2018-04-20 01:25:28 +0000  Entitlements for <IDEDistributionItem: 0x7fdc282b1eb0 'com.didiwaimai.www' '<DVTFilePath:0x7fdc38b8e590:'/Users/zhouqilei/Library/Developer/Xcode/Archives/2018-04-20/嘀嘀点呗 2018-4-20 上午9.23.xcarchive/Products/Applications/嘀嘀点呗.app'>'>: {
    "application-identifier" = "QW4T6B6L7X.com.didiwaimai.www";
    "com.apple.developer.team-identifier" = QW4T6B6L7X;
    "get-task-allow" = 1;
    "keychain-access-groups" =     (
        "QW4T6B6L7X.com.didiwaimai.www"
    );
}
2018-04-20 01:25:28 +0000  Writing entitlements for <IDEDistributionItem: 0x7fdc282b1eb0 'com.didiwaimai.www' '<DVTFilePath:0x7fdc38b8e590:'/Users/zhouqilei/Library/Developer/Xcode/Archives/2018-04-20/嘀嘀点呗 2018-4-20 上午9.23.xcarchive/Products/Applications/嘀嘀点呗.app'>'> to: /var/folders/yg/crxz578s4sbb5dpffvr681nw0000gn/T/XcodeDistPipeline.wuD/entitlementsibODh2
2018-04-20 01:25:28 +0000  Running /usr/bin/codesign '-vvv' '--force' '--sign' '94AD61189D91DE427F4D4500F5A7B65042861E38' '--preserve-metadata=identifier,flags' '--entitlements' '/var/folders/yg/crxz578s4sbb5dpffvr681nw0000gn/T/XcodeDistPipeline.wuD/entitlementsibODh2' '/var/folders/yg/crxz578s4sbb5dpffvr681nw0000gn/T/XcodeDistPipeline.wuD/Root/Payload/嘀嘀点呗.app'
2018-04-20 01:25:28 +0000  /var/folders/yg/crxz578s4sbb5dpffvr681nw0000gn/T/XcodeDistPipeline.wuD/Root/Payload/嘀嘀点呗.app: replacing existing signature
2018-04-20 01:25:28 +0000  /var/folders/yg/crxz578s4sbb5dpffvr681nw0000gn/T/XcodeDistPipeline.wuD/Root/Payload/嘀嘀点呗.app: signed app bundle with Mach-O universal (armv7 arm64) [com.didiwaimai.www]
2018-04-20 01:25:28 +0000  2018-04-20 01:25:28 +0000  
2018-04-20 01:25:28 +0000  /usr/bin/codesign exited with 0

2018-04-20 01:25:28 +0000  
2018-04-20 01:25:28 +0000  Processing step: IDEDistributionStreamingZipItemStep
2018-04-20 01:25:28 +0000  Skipping step: IDEDistributionStreamingZipItemStep because it said so
2018-04-20 01:25:28 +0000  Processing step: IDEDistributionCreateIPAStep
2018-04-20 01:25:28 +0000  Running /usr/bin/ditto '-V' '-c' '-k' '--norsrc' '/var/folders/yg/crxz578s4sbb5dpffvr681nw0000gn/T/XcodeDistPipeline.wuD/Root' '/var/folders/yg/crxz578s4sbb5dpffvr681nw0000gn/T/XcodeDistPipeline.wuD/Packages/嘀嘀点呗.ipa'
2018-04-20 01:25:28 +0000  >>> Copying /var/folders/yg/crxz578s4sbb5dpffvr681nw0000gn/T/XcodeDistPipeline.wuD/Root 
2018-04-20 01:25:28 +0000  copying file ./Payload/嘀嘀点呗.app/鲜花@3x.png ... 
2018-04-20 01:25:28 +0000  9779 bytes for ./Payload/嘀嘀点呗.app/鲜花@3x.png
copying file ./Payload/嘀嘀点呗.app/红包.png ... 
2018-04-20 01:25:28 +0000  438 bytes for ./Payload/嘀嘀点呗.app/红包.png
copying file ./Payload/嘀嘀点呗.app/图层 13@3x.png ... 
2018-04-20 01:25:28 +0000  11547 bytes for ./Payload/嘀嘀点呗.app/图层 13@3x.png
2018-04-20 01:25:28 +0000  copying file ./Payload/嘀嘀点呗.app/_CodeSignature/CodeResources ... 
2018-04-20 01:25:28 +0000  63816 bytes for ./Payload/嘀嘀点呗.app/_CodeSignature/CodeResources
2018-04-20 01:25:28 +0000  copying file ./Payload/嘀嘀点呗.app/mapapi.bundle/images/icon_paopao_middle_right.png ... 
2018-04-20 01:25:28 +0000  3411 bytes for ./Payload/嘀嘀点呗.app/mapapi.bundle/images/icon_paopao_middle_right.png
copying file ./Payload/嘀嘀点呗.app/mapapi.bundle/images/icon_nav_bus@2x.png ... 
2018-04-20 01:25:28 +0000  1394 bytes for ./Payload/嘀嘀点呗.app/mapapi.bundle/images/icon_nav_bus@2x.png
copying file ./Payload/嘀嘀点呗.app/mapapi.bundle/images/icon_nav_start@2x.png ... 
2018-04-20 01:25:28 +0000  7712 bytes for ./Payload/嘀嘀点呗.app/mapapi.bundle/images/icon_nav_start@2x.png
copying file ./Payload/嘀嘀点呗.app/mapapi.bundle/images/icon_paopao_middle_right_highlighted.png ... 
2018-04-20 01:25:28 +0000  3386 bytes for ./Payload/嘀嘀点呗.app/mapapi.bundle/images/icon_paopao_middle_right_highlighted.png
copying file ./Payload/嘀嘀点呗.app/mapapi.bundle/images/baidumap_logo.png ... 
2018-04-20 01:25:28 +0000  4387 bytes for ./Payload/嘀嘀点呗.app/mapapi.bundle/images/baidumap_logo.png
2018-04-20 01:25:28 +0000  copying file ./Payload/嘀嘀点呗.app/mapapi.bundle/images/icon_action_paopao_middle_left_highlighted.png ... 
2018-04-20 01:25:28 +0000  3059 bytes for ./Payload/嘀嘀点呗.app/mapapi.bundle/images/icon_action_paopao_middle_left_highlighted.png
copying file ./Payload/嘀嘀点呗.app/mapapi.bundle/images/pin_red.png ... 
2018-04-20 01:25:28 +0000  3865 bytes for ./Payload/嘀嘀点呗.app/mapapi.bundle/images/pin_red.png
copying file ./Payload/嘀嘀点呗.app/mapapi.bundle/images/icon_nav_waypoint.png ... 
2018-04-20 01:25:28 +0000  4693 bytes for ./Payload/嘀嘀点呗.app/mapapi.bundle/images/icon_nav_waypoint.png
copying file ./Payload/嘀嘀点呗.app/mapapi.bundle/images/icon_nav_rail@2x.png ... 
2018-04-20 01:25:28 +0000  1555 bytes for ./Payload/嘀嘀点呗.app/mapapi.bundle/images/icon_nav_rail@2x.png
2018-04-20 01:25:28 +0000  copying file ./Payload/嘀嘀点呗.app/mapapi.bundle/images/icon_nav_rail.png ... 
2018-04-20 01:25:28 +0000  1950 bytes for ./Payload/嘀嘀点呗.app/mapapi.bundle/images/icon_nav_rail.png
copying file ./Payload/嘀嘀点呗.app/mapapi.bundle/images/icon_nav_end@2x.png ... 
2018-04-20 01:25:28 +0000  7991 bytes for ./Payload/嘀嘀点呗.app/mapapi.bundle/images/icon_nav_end@2x.png
2018-04-20 01:25:28 +0000  copying file ./Payload/嘀嘀点呗.app/mapapi.bundle/images/pin_purple@2x.png ... 
2018-04-20 01:25:28 +0000  5716 bytes for ./Payload/嘀嘀点呗.app/mapapi.bundle/images/pin_purple@2x.png
copying file ./Payload/嘀嘀点呗.app/mapapi.bundle/images/icon_nav_end.png ... 
2018-04-20 01:25:28 +0000  4793 bytes for ./Payload/嘀嘀点呗.app/mapapi.bundle/images/icon_nav_end.png
copying file ./Payload/嘀嘀点呗.app/mapapi.bundle/images/icon_cellphone@2x.png ... 
2018-04-20 01:25:28 +0000  4674 bytes for ./Payload/嘀嘀点呗.app/mapapi.bundle/images/icon_cellphone@2x.png
2018-04-20 01:25:28 +0000  copying file ./Payload/嘀嘀点呗.app/mapapi.bundle/images/icon_action_paopao_middle_right_highlighted.png ... 
3045 bytes for ./Payload/嘀嘀点呗.app/mapapi.bundle/images/icon_action_paopao_middle_right_highlighted.png
copying file ./Payload/嘀嘀点呗.app/mapapi.bundle/images/icon_paopao_middle_left@2x.png ... 
2018-04-20 01:25:28 +0000  4308 bytes for ./Payload/嘀嘀点呗.app/mapapi.bundle/images/icon_paopao_middle_left@2x.png
copying file ./Payload/嘀嘀点呗.app/mapapi.bundle/images/icon_action_paopao_middle_left_highlighted@2x.png ... 
2018-04-20 01:25:28 +0000  3421 bytes for ./Payload/嘀嘀点呗.app/mapapi.bundle/images/icon_action_paopao_middle_left_highlighted@2x.png
2018-04-20 01:25:28 +0000  copying file ./Payload/嘀嘀点呗.app/mapapi.bundle/images/icon_paopao_middle_left_highlighted.png ... 
2018-04-20 01:25:28 +0000  3452 bytes for ./Payload/嘀嘀点呗.app/mapapi.bundle/images/icon_paopao_middle_left_highlighted.png
copying file ./Payload/嘀嘀点呗.app/mapapi.bundle/images/icon_action_paopao_middle_right.png ... 
2018-04-20 01:25:28 +0000  3049 bytes for ./Payload/嘀嘀点呗.app/mapapi.bundle/images/icon_action_paopao_middle_right.png
copying file ./Payload/嘀嘀点呗.app/mapapi.bundle/images/icon_line_nofocus.png ... 
2018-04-20 01:25:28 +0000  112 bytes for ./Payload/嘀嘀点呗.app/mapapi.bundle/images/icon_line_nofocus.png
copying file ./Payload/嘀嘀点呗.app/mapapi.bundle/images/direction_wheel@2x.png ... 
2018-04-20 01:25:28 +0000  9255 bytes for ./Payload/嘀嘀点呗.app/mapapi.bundle/images/direction_wheel@2x.png
copying file ./Payload/嘀嘀点呗.app/mapapi.bundle/images/pin_purple.png ... 
2018-04-20 01:25:28 +0000  3909 bytes for ./Payload/嘀嘀点呗.app/mapapi.bundle/images/pin_purple.png
copying file ./Payload/嘀嘀点呗.app/mapapi.bundle/images/icon_center_point@2x.png ... 
2018-04-20 01:25:28 +0000  2470 bytes for ./Payload/嘀嘀点呗.app/mapapi.bundle/images/icon_center_point@2x.png
2018-04-20 01:25:28 +0000  copying file ./Payload/嘀嘀点呗.app/mapapi.bundle/images/icon_nav_start.png ... 
2018-04-20 01:25:28 +0000  4760 bytes for ./Payload/嘀嘀点呗.app/mapapi.bundle/images/icon_nav_start.png
2018-04-20 01:25:28 +0000  copying file ./Payload/嘀嘀点呗.app/mapapi.bundle/images/icon_direction.png ... 
2018-04-20 01:25:28 +0000  3334 bytes for ./Payload/嘀嘀点呗.app/mapapi.bundle/images/icon_direction.png
copying file ./Payload/嘀嘀点呗.app/mapapi.bundle/images/icon_action_paopao_middle_left@2x.png ... 
2018-04-20 01:25:28 +0000  3406 bytes for ./Payload/嘀嘀点呗.app/mapapi.bundle/images/icon_action_paopao_middle_left@2x.png
copying file ./Payload/嘀嘀点呗.app/mapapi.bundle/images/icon_paopao_middle_left.png ... 
2018-04-20 01:25:28 +0000  3397 bytes for ./Payload/嘀嘀点呗.app/mapapi.bundle/images/icon_paopao_middle_left.png
copying file ./Payload/嘀嘀点呗.app/mapapi.bundle/images/icon_compass.png ... 
2018-04-20 01:25:28 +0000  3807 bytes for ./Payload/嘀嘀点呗.app/mapapi.bundle/images/icon_compass.png
copying file ./Payload/嘀嘀点呗.app/mapapi.bundle/images/icon_paopao_middle_right@2x.png ... 
2018-04-20 01:25:28 +0000  4202 bytes for ./Payload/嘀嘀点呗.app/mapapi.bundle/images/icon_paopao_middle_right@2x.png
copying file ./Payload/嘀嘀点呗.app/mapapi.bundle/images/direction_wheel.png ... 
2018-04-20 01:25:28 +0000  3839 bytes for ./Payload/嘀嘀点呗.app/mapapi.bundle/images/direction_wheel.png
copying file ./Payload/嘀嘀点呗.app/mapapi.bundle/images/icon_paopao_middle_right_highlighted@2x.png ... 
2018-04-20 01:25:28 +0000  4185 bytes for ./Payload/嘀嘀点呗.app/mapapi.bundle/images/icon_paopao_middle_right_highlighted@2x.png
copying file ./Payload/嘀嘀点呗.app/mapapi.bundle/images/icon_center_point.png ... 
2018-04-20 01:25:28 +0000  1168 bytes for ./Payload/嘀嘀点呗.app/mapapi.bundle/images/icon_center_point.png
copying file ./Payload/嘀嘀点呗.app/mapapi.bundle/images/lineDashTexture.png ... 
2018-04-20 01:25:28 +0000  194 bytes for ./Payload/嘀嘀点呗.app/mapapi.bundle/images/lineDashTexture.png
copying file ./Payload/嘀嘀点呗.app/mapapi.bundle/images/icon_paopao_middle_left_highlighted@2x.png ... 
2018-04-20 01:25:28 +0000  4291 bytes for ./Payload/嘀嘀点呗.app/mapapi.bundle/images/icon_paopao_middle_left_highlighted@2x.png
copying file ./Payload/嘀嘀点呗.app/mapapi.bundle/images/icon_action_paopao_middle_right_highlighted@2x.png ... 
2018-04-20 01:25:28 +0000  3328 bytes for ./Payload/嘀嘀点呗.app/mapapi.bundle/images/icon_action_paopao_middle_right_highlighted@2x.png
2018-04-20 01:25:28 +0000  copying file ./Payload/嘀嘀点呗.app/mapapi.bundle/images/bnavi_icon_location_fixed.png ... 
2018-04-20 01:25:28 +0000  601 bytes for ./Payload/嘀嘀点呗.app/mapapi.bundle/images/bnavi_icon_location_fixed.png
copying file ./Payload/嘀嘀点呗.app/mapapi.bundle/images/icon_cellphone.png ... 
2018-04-20 01:25:28 +0000  2703 bytes for ./Payload/嘀嘀点呗.app/mapapi.bundle/images/icon_cellphone.png
copying file ./Payload/嘀嘀点呗.app/mapapi.bundle/images/icon_cellphone2.png ... 
2018-04-20 01:25:28 +0000  3712 bytes for ./Payload/嘀嘀点呗.app/mapapi.bundle/images/icon_cellphone2.png
copying file ./Payload/嘀嘀点呗.app/mapapi.bundle/images/baidumap_logo@2x.png ... 
2018-04-20 01:25:28 +0000  5920 bytes for ./Payload/嘀嘀点呗.app/mapapi.bundle/images/baidumap_logo@2x.png
copying file ./Payload/嘀嘀点呗.app/mapapi.bundle/images/icon_compass_background@2x.png ... 
2018-04-20 01:25:28 +0000  5464 bytes for ./Payload/嘀嘀点呗.app/mapapi.bundle/images/icon_compass_background@2x.png
2018-04-20 01:25:28 +0000  copying file ./Payload/嘀嘀点呗.app/mapapi.bundle/images/icon_compass_background.png ... 
2018-04-20 01:25:28 +0000  4797 bytes for ./Payload/嘀嘀点呗.app/mapapi.bundle/images/icon_compass_background.png
copying file ./Payload/嘀嘀点呗.app/mapapi.bundle/images/icon_cellphone2@2x.png ... 
2018-04-20 01:25:28 +0000  7717 bytes for ./Payload/嘀嘀点呗.app/mapapi.bundle/images/icon_cellphone2@2x.png
copying file ./Payload/嘀嘀点呗.app/mapapi.bundle/images/pin_green@2x.png ... 
2018-04-20 01:25:28 +0000  5685 bytes for ./Payload/嘀嘀点呗.app/mapapi.bundle/images/pin_green@2x.png
copying file ./Payload/嘀嘀点呗.app/mapapi.bundle/images/bnavi_icon_location_fixed@2x.png ... 
2018-04-20 01:25:28 +0000  1458 bytes for ./Payload/嘀嘀点呗.app/mapapi.bundle/images/bnavi_icon_location_fixed@2x.png
copying file ./Payload/嘀嘀点呗.app/mapapi.bundle/images/icon_nav_waypoint@2x.png ... 
2018-04-20 01:25:28 +0000  5068 bytes for ./Payload/嘀嘀点呗.app/mapapi.bundle/images/icon_nav_waypoint@2x.png
2018-04-20 01:25:28 +0000  copying file ./Payload/嘀嘀点呗.app/mapapi.bundle/images/line_texture.png ... 
2830 bytes for ./Payload/嘀嘀点呗.app/mapapi.bundle/images/line_texture.png
2018-04-20 01:25:28 +0000  copying file ./Payload/嘀嘀点呗.app/mapapi.bundle/images/pin_green.png ... 
3896 bytes for ./Payload/嘀嘀点呗.app/mapapi.bundle/images/pin_green.png
2018-04-20 01:25:28 +0000  copying file ./Payload/嘀嘀点呗.app/mapapi.bundle/images/icon_nav_bus.png ... 
2018-04-20 01:25:28 +0000  1818 bytes for ./Payload/嘀嘀点呗.app/mapapi.bundle/images/icon_nav_bus.png
copying file ./Payload/嘀嘀点呗.app/mapapi.bundle/images/icon_direction@2x.png ... 
2018-04-20 01:25:28 +0000  3496 bytes for ./Payload/嘀嘀点呗.app/mapapi.bundle/images/icon_direction@2x.png
copying file ./Payload/嘀嘀点呗.app/mapapi.bundle/images/icon_compass@2x.png ... 
2018-04-20 01:25:28 +0000  2972 bytes for ./Payload/嘀嘀点呗.app/mapapi.bundle/images/icon_compass@2x.png
copying file ./Payload/嘀嘀点呗.app/mapapi.bundle/images/icon_action_paopao_middle_left.png ... 
2018-04-20 01:25:28 +0000  3065 bytes for ./Payload/嘀嘀点呗.app/mapapi.bundle/images/icon_action_paopao_middle_left.png
copying file ./Payload/嘀嘀点呗.app/mapapi.bundle/images/icon_action_paopao_middle_right@2x.png ... 
2018-04-20 01:25:28 +0000  3323 bytes for ./Payload/嘀嘀点呗.app/mapapi.bundle/images/icon_action_paopao_middle_right@2x.png
copying file ./Payload/嘀嘀点呗.app/mapapi.bundle/images/pin_red@2x.png ... 
2018-04-20 01:25:28 +0000  5533 bytes for ./Payload/嘀嘀点呗.app/mapapi.bundle/images/pin_red@2x.png
2018-04-20 01:25:28 +0000  copying file ./Payload/嘀嘀点呗.app/mapapi.bundle/files/cfg/a/street.sty ... 
2018-04-20 01:25:28 +0000  1374 bytes for ./Payload/嘀嘀点呗.app/mapapi.bundle/files/cfg/a/street.sty
copying file ./Payload/嘀嘀点呗.app/mapapi.bundle/files/cfg/a/DVVersion.cfg ... 
2018-04-20 01:25:28 +0000  700 bytes for ./Payload/嘀嘀点呗.app/mapapi.bundle/files/cfg/a/DVVersion.cfg
2018-04-20 01:25:28 +0000  copying file ./Payload/嘀嘀点呗.app/mapapi.bundle/files/cfg/a/mode_4/map.sty ... 
2018-04-20 01:25:29 +0000  413269 bytes for ./Payload/嘀嘀点呗.app/mapapi.bundle/files/cfg/a/mode_4/map.sty
2018-04-20 01:25:29 +0000  copying file ./Payload/嘀嘀点呗.app/mapapi.bundle/files/cfg/a/mode_4/map.rs ... 
2018-04-20 01:25:29 +0000  93341 bytes for ./Payload/嘀嘀点呗.app/mapapi.bundle/files/cfg/a/mode_4/map.rs
2018-04-20 01:25:29 +0000  copying file ./Payload/嘀嘀点呗.app/mapapi.bundle/files/cfg/a/DVStreet.cfg ... 
2018-04-20 01:25:29 +0000  24669 bytes for ./Payload/嘀嘀点呗.app/mapapi.bundle/files/cfg/a/DVStreet.cfg
copying file ./Payload/嘀嘀点呗.app/mapapi.bundle/files/cfg/a/DVHotcity.cfg ... 
2018-04-20 01:25:29 +0000  1937 bytes for ./Payload/嘀嘀点呗.app/mapapi.bundle/files/cfg/a/DVHotcity.cfg
2018-04-20 01:25:29 +0000  copying file ./Payload/嘀嘀点呗.app/mapapi.bundle/files/cfg/a/mode_2/map.sty ... 
2018-04-20 01:25:29 +0000  386535 bytes for ./Payload/嘀嘀点呗.app/mapapi.bundle/files/cfg/a/mode_2/map.sty
2018-04-20 01:25:29 +0000  copying file ./Payload/嘀嘀点呗.app/mapapi.bundle/files/cfg/a/DVDirectory.cfg ... 
2018-04-20 01:25:29 +0000  138510 bytes for ./Payload/嘀嘀点呗.app/mapapi.bundle/files/cfg/a/DVDirectory.cfg
2018-04-20 01:25:29 +0000  copying file ./Payload/嘀嘀点呗.app/mapapi.bundle/files/cfg/a/DVHotMap.cfg ... 
2018-04-20 01:25:29 +0000  11174 bytes for ./Payload/嘀嘀点呗.app/mapapi.bundle/files/cfg/a/DVHotMap.cfg
copying file ./Payload/嘀嘀点呗.app/mapapi.bundle/files/cfg/a/DVSDirectory.cfg ... 
2018-04-20 01:25:29 +0000  7483 bytes for ./Payload/嘀嘀点呗.app/mapapi.bundle/files/cfg/a/DVSDirectory.cfg
2018-04-20 01:25:29 +0000  copying file ./Payload/嘀嘀点呗.app/mapapi.bundle/files/cfg/a/mode_1/reduct.sty ... 
2018-04-20 01:25:29 +0000  466440 bytes for ./Payload/嘀嘀点呗.app/mapapi.bundle/files/cfg/a/mode_1/reduct.sty
copying file ./Payload/嘀嘀点呗.app/mapapi.bundle/files/cfg/a/mode_1/map.sty ... 
2018-04-20 01:25:29 +0000  930760 bytes for ./Payload/嘀嘀点呗.app/mapapi.bundle/files/cfg/a/mode_1/map.sty
copying file ./Payload/嘀嘀点呗.app/mapapi.bundle/files/cfg/a/mode_1/traffic.sty ... 
2018-04-20 01:25:29 +0000  468628 bytes for ./Payload/嘀嘀点呗.app/mapapi.bundle/files/cfg/a/mode_1/traffic.sty
copying file ./Payload/嘀嘀点呗.app/mapapi.bundle/files/cfg/a/mode_1/car.sty ... 
2018-04-20 01:25:29 +0000  342834 bytes for ./Payload/嘀嘀点呗.app/mapapi.bundle/files/cfg/a/mode_1/car.sty
2018-04-20 01:25:29 +0000  copying file ./Payload/嘀嘀点呗.app/mapapi.bundle/files/cfg/a/mode_1/traffic.rs ... 
2018-04-20 01:25:29 +0000  131766 bytes for ./Payload/嘀嘀点呗.app/mapapi.bundle/files/cfg/a/mode_1/traffic.rs
copying file ./Payload/嘀嘀点呗.app/mapapi.bundle/files/cfg/a/mode_1/bus.sty ... 
2018-04-20 01:25:29 +0000  450779 bytes for ./Payload/嘀嘀点呗.app/mapapi.bundle/files/cfg/a/mode_1/bus.sty
copying file ./Payload/嘀嘀点呗.app/mapapi.bundle/files/cfg/a/mode_1/cycle.sty ... 
2018-04-20 01:25:29 +0000  469495 bytes for ./Payload/嘀嘀点呗.app/mapapi.bundle/files/cfg/a/mode_1/cycle.sty
copying file ./Payload/嘀嘀点呗.app/mapapi.bundle/files/cfg/a/mode_1/map.rs ... 
2018-04-20 01:25:29 +0000  858906 bytes for ./Payload/嘀嘀点呗.app/mapapi.bundle/files/cfg/a/mode_1/map.rs
copying file ./Payload/嘀嘀点呗.app/mapapi.bundle/files/cfg/a/mode_1/reduct.rs ... 
2018-04-20 01:25:29 +0000  279264 bytes for ./Payload/嘀嘀点呗.app/mapapi.bundle/files/cfg/a/mode_1/reduct.rs
2018-04-20 01:25:29 +0000  copying file ./Payload/嘀嘀点呗.app/mapapi.bundle/files/cfg/a/CustomIndex ... 
2018-04-20 01:25:29 +0000  11327 bytes for ./Payload/嘀嘀点呗.app/mapapi.bundle/files/cfg/a/CustomIndex
2018-04-20 01:25:29 +0000  copying file ./Payload/嘀嘀点呗.app/mapapi.bundle/files/cfg/idrres/baseindoormap.sty ... 
2018-04-20 01:25:29 +0000  47979 bytes for ./Payload/嘀嘀点呗.app/mapapi.bundle/files/cfg/idrres/baseindoormap.sty
2018-04-20 01:25:29 +0000  copying file ./Payload/嘀嘀点呗.app/mapapi.bundle/files/cfg/idrres/ResPackIndoorMap.rs ... 
2018-04-20 01:25:29 +0000  264334 bytes for ./Payload/嘀嘀点呗.app/mapapi.bundle/files/cfg/idrres/ResPackIndoorMap.rs
copying file ./Payload/嘀嘀点呗.app/mapapi.bundle/files/cfg/idrres/DVIndoor.cfg ... 
2018-04-20 01:25:29 +0000  14408 bytes for ./Payload/嘀嘀点呗.app/mapapi.bundle/files/cfg/idrres/DVIndoor.cfg
2018-04-20 01:25:29 +0000  copying file ./Payload/嘀嘀点呗.app/zh-Hans.lproj/LaunchScreen.strings ... 
2018-04-20 01:25:29 +0000  1 bytes for ./Payload/嘀嘀点呗.app/zh-Hans.lproj/LaunchScreen.strings
copying file ./Payload/嘀嘀点呗.app/zh-Hans.lproj/Main.strings ... 
2018-04-20 01:25:29 +0000  1 bytes for ./Payload/嘀嘀点呗.app/zh-Hans.lproj/Main.strings
copying file ./Payload/嘀嘀点呗.app/LaunchImage-1100-Portrait-2436h@3x.png ... 
2018-04-20 01:25:29 +0000  250697 bytes for ./Payload/嘀嘀点呗.app/LaunchImage-1100-Portrait-2436h@3x.png
copying file ./Payload/嘀嘀点呗.app/钱包@3x.png ... 
2018-04-20 01:25:29 +0000  2410 bytes for ./Payload/嘀嘀点呗.app/钱包@3x.png
copying file ./Payload/嘀嘀点呗.app/61514284698_.pic_hd.jpg ... 
2018-04-20 01:25:29 +0000  80681 bytes for ./Payload/嘀嘀点呗.app/61514284698_.pic_hd.jpg
copying file ./Payload/嘀嘀点呗.app/star-half.png ... 
2018-04-20 01:25:29 +0000  2466 bytes for ./Payload/嘀嘀点呗.app/star-half.png
2018-04-20 01:25:29 +0000  copying file ./Payload/嘀嘀点呗.app/嘀嘀点呗 ... 
2018-04-20 01:25:29 +0000  12884480 bytes for ./Payload/嘀嘀点呗.app/嘀嘀点呗
copying file ./Payload/嘀嘀点呗.app/文件@3x.png ... 
2018-04-20 01:25:29 +0000  8673 bytes for ./Payload/嘀嘀点呗.app/文件@3x.png
copying file ./Payload/嘀嘀点呗.app/美食 (1)@2x.png ... 
3796 bytes for ./Payload/嘀嘀点呗.app/美食 (1)@2x.png
copying file ./Payload/嘀嘀点呗.app/独立吸烟区 (1)@2x.png ... 
4235 bytes for ./Payload/嘀嘀点呗.app/独立吸烟区 (1)@2x.png
copying file ./Payload/嘀嘀点呗.app/独立吸烟区 (1)@3x.png ... 
2018-04-20 01:25:29 +0000  8680 bytes for ./Payload/嘀嘀点呗.app/独立吸烟区 (1)@3x.png
copying file ./Payload/嘀嘀点呗.app/文件@2x.png ... 
2018-04-20 01:25:29 +0000  4445 bytes for ./Payload/嘀嘀点呗.app/文件@2x.png
copying file ./Payload/嘀嘀点呗.app/美食 (1)@3x.png ... 
2018-04-20 01:25:29 +0000  7571 bytes for ./Payload/嘀嘀点呗.app/美食 (1)@3x.png
copying file ./Payload/嘀嘀点呗.app/购物车-23 (1).png ... 
2018-04-20 01:25:29 +0000  1999 bytes for ./Payload/嘀嘀点呗.app/购物车-23 (1).png
copying file ./Payload/嘀嘀点呗.app/登录.png ... 
2018-04-20 01:25:29 +0000  1155 bytes for ./Payload/嘀嘀点呗.app/登录.png
copying file ./Payload/嘀嘀点呗.app/钱包@2x.png ... 
2018-04-20 01:25:29 +0000  1265 bytes for ./Payload/嘀嘀点呗.app/钱包@2x.png
2018-04-20 01:25:29 +0000  copying file ./Payload/嘀嘀点呗.app/类目 品类 分类 类别.png ... 
2018-04-20 01:25:29 +0000  1611 bytes for ./Payload/嘀嘀点呗.app/类目 品类 分类 类别.png
copying file ./Payload/嘀嘀点呗.app/超出配送范围.png ... 
2018-04-20 01:25:29 +0000  2367 bytes for ./Payload/嘀嘀点呗.app/超出配送范围.png
2018-04-20 01:25:29 +0000  copying file ./Payload/嘀嘀点呗.app/MJRefresh.bundle/zh-Hans.lproj/Localizable.strings ... 
2018-04-20 01:25:29 +0000  1194 bytes for ./Payload/嘀嘀点呗.app/MJRefresh.bundle/zh-Hans.lproj/Localizable.strings
copying file ./Payload/嘀嘀点呗.app/MJRefresh.bundle/en.lproj/Localizable.strings ... 
2018-04-20 01:25:29 +0000  1372 bytes for ./Payload/嘀嘀点呗.app/MJRefresh.bundle/en.lproj/Localizable.strings
copying file ./Payload/嘀嘀点呗.app/MJRefresh.bundle/arrow@2x.png ... 
2018-04-20 01:25:29 +0000  1033 bytes for ./Payload/嘀嘀点呗.app/MJRefresh.bundle/arrow@2x.png
2018-04-20 01:25:29 +0000  copying file ./Payload/嘀嘀点呗.app/MJRefresh.bundle/zh-Hant.lproj/Localizable.strings ... 
773 bytes for ./Payload/嘀嘀点呗.app/MJRefresh.bundle/zh-Hant.lproj/Localizable.strings
2018-04-20 01:25:29 +0000  copying file ./Payload/嘀嘀点呗.app/鲜花.png ... 
2018-04-20 01:25:29 +0000  1265 bytes for ./Payload/嘀嘀点呗.app/鲜花.png
copying file ./Payload/嘀嘀点呗.app/鲜花@2x.png ... 
2018-04-20 01:25:29 +0000  4933 bytes for ./Payload/嘀嘀点呗.app/鲜花@2x.png
2018-04-20 01:25:29 +0000  copying file ./Payload/嘀嘀点呗.app/图层 13@2x.png ... 
2018-04-20 01:25:29 +0000  5301 bytes for ./Payload/嘀嘀点呗.app/图层 13@2x.png
copying file ./Payload/嘀嘀点呗.app/酒水.png ... 
2018-04-20 01:25:29 +0000  1025 bytes for ./Payload/嘀嘀点呗.app/酒水.png
copying file ./Payload/嘀嘀点呗.app/IQKeyboardManager.bundle/IQButtonBarArrowRight@2x.png ... 
2018-04-20 01:25:29 +0000  1786 bytes for ./Payload/嘀嘀点呗.app/IQKeyboardManager.bundle/IQButtonBarArrowRight@2x.png
copying file ./Payload/嘀嘀点呗.app/IQKeyboardManager.bundle/IQButtonBarArrowUp@3x.png ... 
2018-04-20 01:25:29 +0000  2164 bytes for ./Payload/嘀嘀点呗.app/IQKeyboardManager.bundle/IQButtonBarArrowUp@3x.png
copying file ./Payload/嘀嘀点呗.app/IQKeyboardManager.bundle/IQButtonBarArrowUp@2x.png ... 
2018-04-20 01:25:29 +0000  1769 bytes for ./Payload/嘀嘀点呗.app/IQKeyboardManager.bundle/IQButtonBarArrowUp@2x.png
copying file ./Payload/嘀嘀点呗.app/IQKeyboardManager.bundle/IQButtonBarArrowRight@3x.png ... 
2018-04-20 01:25:29 +0000  1844 bytes for ./Payload/嘀嘀点呗.app/IQKeyboardManager.bundle/IQButtonBarArrowRight@3x.png
2018-04-20 01:25:29 +0000  copying file ./Payload/嘀嘀点呗.app/IQKeyboardManager.bundle/IQButtonBarArrowLeft@3x.png ... 
2018-04-20 01:25:29 +0000  1815 bytes for ./Payload/嘀嘀点呗.app/IQKeyboardManager.bundle/IQButtonBarArrowLeft@3x.png
copying file ./Payload/嘀嘀点呗.app/IQKeyboardManager.bundle/IQButtonBarArrowDown@3x.png ... 
2018-04-20 01:25:29 +0000  2177 bytes for ./Payload/嘀嘀点呗.app/IQKeyboardManager.bundle/IQButtonBarArrowDown@3x.png
copying file ./Payload/嘀嘀点呗.app/IQKeyboardManager.bundle/IQButtonBarArrowDown@2x.png ... 
2018-04-20 01:25:29 +0000  1764 bytes for ./Payload/嘀嘀点呗.app/IQKeyboardManager.bundle/IQButtonBarArrowDown@2x.png
copying file ./Payload/嘀嘀点呗.app/IQKeyboardManager.bundle/IQButtonBarArrowLeft@2x.png ... 
2018-04-20 01:25:29 +0000  1793 bytes for ./Payload/嘀嘀点呗.app/IQKeyboardManager.bundle/IQButtonBarArrowLeft@2x.png
copying file ./Payload/嘀嘀点呗.app/椭圆 1.png ... 
2018-04-20 01:25:29 +0000  400 bytes for ./Payload/嘀嘀点呗.app/椭圆 1.png
copying file ./Payload/嘀嘀点呗.app/椭圆 11@3x.png ... 
2018-04-20 01:25:29 +0000  459 bytes for ./Payload/嘀嘀点呗.app/椭圆 11@3x.png
copying file ./Payload/嘀嘀点呗.app/购物@2x.png ... 
2018-04-20 01:25:29 +0000  5465 bytes for ./Payload/嘀嘀点呗.app/购物@2x.png
copying file ./Payload/嘀嘀点呗.app/类目 品类 分类 类别@2x.png ... 
2018-04-20 01:25:29 +0000  5799 bytes for ./Payload/嘀嘀点呗.app/类目 品类 分类 类别@2x.png
copying file ./Payload/嘀嘀点呗.app/酒水@3x.png ... 
2018-04-20 01:25:29 +0000  7563 bytes for ./Payload/嘀嘀点呗.app/酒水@3x.png
copying file ./Payload/嘀嘀点呗.app/药 (1)@3x.png ... 
2018-04-20 01:25:29 +0000  8409 bytes for ./Payload/嘀嘀点呗.app/药 (1)@3x.png
copying file ./Payload/嘀嘀点呗.app/红包@3x.png ... 
2018-04-20 01:25:29 +0000  2194 bytes for ./Payload/嘀嘀点呗.app/红包@3x.png
copying file ./Payload/嘀嘀点呗.app/评论.png ... 
2018-04-20 01:25:29 +0000  595 bytes for ./Payload/嘀嘀点呗.app/评论.png
copying file ./Payload/嘀嘀点呗.app/下拉1.png ... 
2018-04-20 01:25:29 +0000  144 bytes for ./Payload/嘀嘀点呗.app/下拉1.png
copying file ./Payload/嘀嘀点呗.app/LaunchImage-800-667h@2x.png ... 
2018-04-20 01:25:29 +0000  74035 bytes for ./Payload/嘀嘀点呗.app/LaunchImage-800-667h@2x.png
copying file ./Payload/嘀嘀点呗.app/图层 1.png ... 
2018-04-20 01:25:29 +0000  9459 bytes for ./Payload/嘀嘀点呗.app/图层 1.png
copying file ./Payload/嘀嘀点呗.app/红包@2x.png ... 
2018-04-20 01:25:29 +0000  1108 bytes for ./Payload/嘀嘀点呗.app/红包@2x.png
copying file ./Payload/嘀嘀点呗.app/药 (1)@2x.png ... 
2018-04-20 01:25:29 +0000  4112 bytes for ./Payload/嘀嘀点呗.app/药 (1)@2x.png
copying file ./Payload/嘀嘀点呗.app/酒水@2x.png ... 
2018-04-20 01:25:29 +0000  3763 bytes for ./Payload/嘀嘀点呗.app/酒水@2x.png
copying file ./Payload/嘀嘀点呗.app/椭圆 11.png ... 
2018-04-20 01:25:29 +0000  128 bytes for ./Payload/嘀嘀点呗.app/椭圆 11.png
copying file ./Payload/嘀嘀点呗.app/购物.png ... 
2018-04-20 01:25:29 +0000  1555 bytes for ./Payload/嘀嘀点呗.app/购物.png
copying file ./Payload/嘀嘀点呗.app/图层 10 拷贝.png ... 
2018-04-20 01:25:29 +0000  1279 bytes for ./Payload/嘀嘀点呗.app/图层 10 拷贝.png
copying file ./Payload/嘀嘀点呗.app/椭圆 11@2x.png ... 
2018-04-20 01:25:29 +0000  249 bytes for ./Payload/嘀嘀点呗.app/椭圆 11@2x.png
copying file ./Payload/嘀嘀点呗.app/购物@3x.png ... 
2018-04-20 01:25:29 +0000  10466 bytes for ./Payload/嘀嘀点呗.app/购物@3x.png
copying file ./Payload/嘀嘀点呗.app/类目 品类 分类 类别@3x.png ... 
2018-04-20 01:25:29 +0000  11037 bytes for ./Payload/嘀嘀点呗.app/类目 品类 分类 类别@3x.png
copying file ./Payload/嘀嘀点呗.app/椭圆 1 拷贝.png ... 
2018-04-20 01:25:29 +0000  112 bytes for ./Payload/嘀嘀点呗.app/椭圆 1 拷贝.png
2018-04-20 01:25:29 +0000  copying file ./Payload/嘀嘀点呗.app/Base.lproj/Main.storyboardc/UIViewController-BYZ-38-t0r.nib ... 
2018-04-20 01:25:29 +0000  916 bytes for ./Payload/嘀嘀点呗.app/Base.lproj/Main.storyboardc/UIViewController-BYZ-38-t0r.nib
copying file ./Payload/嘀嘀点呗.app/Base.lproj/Main.storyboardc/BYZ-38-t0r-view-8bC-Xf-vdC.nib ... 
2018-04-20 01:25:29 +0000  1791 bytes for ./Payload/嘀嘀点呗.app/Base.lproj/Main.storyboardc/BYZ-38-t0r-view-8bC-Xf-vdC.nib
2018-04-20 01:25:29 +0000  copying file ./Payload/嘀嘀点呗.app/Base.lproj/Main.storyboardc/Info.plist ... 
258 bytes for ./Payload/嘀嘀点呗.app/Base.lproj/Main.storyboardc/Info.plist
copying file ./Payload/嘀嘀点呗.app/Base.lproj/LaunchScreen.storyboardc/01J-lp-oVM-view-Ze5-6b-2t3.nib ... 
2018-04-20 01:25:29 +0000  1791 bytes for ./Payload/嘀嘀点呗.app/Base.lproj/LaunchScreen.storyboardc/01J-lp-oVM-view-Ze5-6b-2t3.nib
copying file ./Payload/嘀嘀点呗.app/Base.lproj/LaunchScreen.storyboardc/UIViewController-01J-lp-oVM.nib ... 
2018-04-20 01:25:29 +0000  832 bytes for ./Payload/嘀嘀点呗.app/Base.lproj/LaunchScreen.storyboardc/UIViewController-01J-lp-oVM.nib
copying file ./Payload/嘀嘀点呗.app/Base.lproj/LaunchScreen.storyboardc/Info.plist ... 
2018-04-20 01:25:29 +0000  258 bytes for ./Payload/嘀嘀点呗.app/Base.lproj/LaunchScreen.storyboardc/Info.plist
copying file ./Payload/嘀嘀点呗.app/archived-expanded-entitlements.xcent ... 
2018-04-20 01:25:29 +0000  374 bytes for ./Payload/嘀嘀点呗.app/archived-expanded-entitlements.xcent
copying file ./Payload/嘀嘀点呗.app/水果@3x.png ... 
2018-04-20 01:25:29 +0000  10123 bytes for ./Payload/嘀嘀点呗.app/水果@3x.png
copying file ./Payload/嘀嘀点呗.app/地址 (1)@2x.png ... 
2018-04-20 01:25:29 +0000  2897 bytes for ./Payload/嘀嘀点呗.app/地址 (1)@2x.png
copying file ./Payload/嘀嘀点呗.app/钱包.png ... 
2018-04-20 01:25:29 +0000  456 bytes for ./Payload/嘀嘀点呗.app/钱包.png
copying file ./Payload/嘀嘀点呗.app/编辑 (1).png ... 
2018-04-20 01:25:29 +0000  341 bytes for ./Payload/嘀嘀点呗.app/编辑 (1).png
copying file ./Payload/嘀嘀点呗.app/下拉1@2x.png ... 
2018-04-20 01:25:29 +0000  284 bytes for ./Payload/嘀嘀点呗.app/下拉1@2x.png
copying file ./Payload/嘀嘀点呗.app/图层 1@2x.png ... 
2018-04-20 01:25:29 +0000  11802 bytes for ./Payload/嘀嘀点呗.app/图层 1@2x.png
copying file ./Payload/嘀嘀点呗.app/登录@2x.png ... 
2018-04-20 01:25:29 +0000  4544 bytes for ./Payload/嘀嘀点呗.app/登录@2x.png
copying file ./Payload/嘀嘀点呗.app/椭圆 1@2x.png ... 
2018-04-20 01:25:29 +0000  1159 bytes for ./Payload/嘀嘀点呗.app/椭圆 1@2x.png
copying file ./Payload/嘀嘀点呗.app/Assets.car ... 
2018-04-20 01:25:29 +0000  122696 bytes for ./Payload/嘀嘀点呗.app/Assets.car
2018-04-20 01:25:29 +0000  copying file ./Payload/嘀嘀点呗.app/图层 10 拷贝@2x.png ... 
4391 bytes for ./Payload/嘀嘀点呗.app/图层 10 拷贝@2x.png
copying file ./Payload/嘀嘀点呗.app/蛋糕 (1)@3x.png ... 
2018-04-20 01:25:29 +0000  7895 bytes for ./Payload/嘀嘀点呗.app/蛋糕 (1)@3x.png
copying file ./Payload/嘀嘀点呗.app/水果.png ... 
2018-04-20 01:25:29 +0000  1266 bytes for ./Payload/嘀嘀点呗.app/水果.png
copying file ./Payload/嘀嘀点呗.app/star-empty.png ... 
2018-04-20 01:25:29 +0000  2638 bytes for ./Payload/嘀嘀点呗.app/star-empty.png
copying file ./Payload/嘀嘀点呗.app/图层 12@3x.png ... 
2018-04-20 01:25:29 +0000  10842 bytes for ./Payload/嘀嘀点呗.app/图层 12@3x.png
copying file ./Payload/嘀嘀点呗.app/蛋糕 (1).png ... 
2018-04-20 01:25:29 +0000  1020 bytes for ./Payload/嘀嘀点呗.app/蛋糕 (1).png
copying file ./Payload/嘀嘀点呗.app/LaunchImage-800-Portrait-736h@3x.png ... 
2018-04-20 01:25:29 +0000  251681 bytes for ./Payload/嘀嘀点呗.app/LaunchImage-800-Portrait-736h@3x.png
copying file ./Payload/嘀嘀点呗.app/图层 12@2x.png ... 
2018-04-20 01:25:29 +0000  5087 bytes for ./Payload/嘀嘀点呗.app/图层 12@2x.png
copying file ./Payload/嘀嘀点呗.app/LocationDemoViewController.nib ... 
2018-04-20 01:25:29 +0000  3114 bytes for ./Payload/嘀嘀点呗.app/LocationDemoViewController.nib
2018-04-20 01:25:29 +0000  copying file ./Payload/嘀嘀点呗.app/蛋糕 (1)@2x.png ... 
2018-04-20 01:25:29 +0000  4022 bytes for ./Payload/嘀嘀点呗.app/蛋糕 (1)@2x.png
copying file ./Payload/嘀嘀点呗.app/图层 10 拷贝@3x.png ... 
2018-04-20 01:25:29 +0000  9479 bytes for ./Payload/嘀嘀点呗.app/图层 10 拷贝@3x.png
copying file ./Payload/嘀嘀点呗.app/椭圆 1@3x.png ... 
2018-04-20 01:25:29 +0000  2379 bytes for ./Payload/嘀嘀点呗.app/椭圆 1@3x.png
copying file ./Payload/嘀嘀点呗.app/登录@3x.png ... 
2018-04-20 01:25:29 +0000  8822 bytes for ./Payload/嘀嘀点呗.app/登录@3x.png
2018-04-20 01:25:29 +0000  copying file ./Payload/嘀嘀点呗.app/图层 13.png ... 
1484 bytes for ./Payload/嘀嘀点呗.app/图层 13.png
copying file ./Payload/嘀嘀点呗.app/图层 1@3x.png ... 
2018-04-20 01:25:29 +0000  65184 bytes for ./Payload/嘀嘀点呗.app/图层 1@3x.png
copying file ./Payload/嘀嘀点呗.app/下拉1@3x.png ... 
2018-04-20 01:25:29 +0000  656 bytes for ./Payload/嘀嘀点呗.app/下拉1@3x.png
2018-04-20 01:25:29 +0000  copying file ./Payload/嘀嘀点呗.app/文件.png ... 
2018-04-20 01:25:29 +0000  1150 bytes for ./Payload/嘀嘀点呗.app/文件.png
copying file ./Payload/嘀嘀点呗.app/XRPlaceholder.png ... 
2018-04-20 01:25:29 +0000  170626 bytes for ./Payload/嘀嘀点呗.app/XRPlaceholder.png
copying file ./Payload/嘀嘀点呗.app/图层 12.png ... 
2018-04-20 01:25:29 +0000  1404 bytes for ./Payload/嘀嘀点呗.app/图层 12.png
copying file ./Payload/嘀嘀点呗.app/地址 (1)@3x.png ... 
2018-04-20 01:25:29 +0000  6181 bytes for ./Payload/嘀嘀点呗.app/地址 (1)@3x.png
copying file ./Payload/嘀嘀点呗.app/水果@2x.png ... 
2018-04-20 01:25:29 +0000  4899 bytes for ./Payload/嘀嘀点呗.app/水果@2x.png
copying file ./Payload/嘀嘀点呗.app/纸飞机.png ... 
2018-04-20 01:25:29 +0000  2303 bytes for ./Payload/嘀嘀点呗.app/纸飞机.png
copying file ./Payload/嘀嘀点呗.app/超出配送范围@2x.png ... 
2018-04-20 01:25:29 +0000  8339 bytes for ./Payload/嘀嘀点呗.app/超出配送范围@2x.png
copying file ./Payload/嘀嘀点呗.app/评论@3x.png ... 
2018-04-20 01:25:29 +0000  4411 bytes for ./Payload/嘀嘀点呗.app/评论@3x.png
copying file ./Payload/嘀嘀点呗.app/购物车-23 (1)@3x.png ... 
2018-04-20 01:25:29 +0000  16602 bytes for ./Payload/嘀嘀点呗.app/购物车-23 (1)@3x.png
2018-04-20 01:25:29 +0000  copying file ./Payload/嘀嘀点呗.app/椭圆 1 拷贝@3x.png ... 
458 bytes for ./Payload/嘀嘀点呗.app/椭圆 1 拷贝@3x.png
copying file ./Payload/嘀嘀点呗.app/编辑 (1)@2x.png ... 
2018-04-20 01:25:29 +0000  1003 bytes for ./Payload/嘀嘀点呗.app/编辑 (1)@2x.png
copying file ./Payload/嘀嘀点呗.app/美食 (1).png ... 
2018-04-20 01:25:29 +0000  979 bytes for ./Payload/嘀嘀点呗.app/美食 (1).png
copying file ./Payload/嘀嘀点呗.app/star--full.png ... 
2018-04-20 01:25:29 +0000  1943 bytes for ./Payload/嘀嘀点呗.app/star--full.png
2018-04-20 01:25:29 +0000  copying file ./Payload/嘀嘀点呗.app/纸飞机@2x.png ... 
2018-04-20 01:25:29 +0000  8684 bytes for ./Payload/嘀嘀点呗.app/纸飞机@2x.png
copying file ./Payload/嘀嘀点呗.app/embedded.mobileprovision ... 
2018-04-20 01:25:29 +0000  14872 bytes for ./Payload/嘀嘀点呗.app/embedded.mobileprovision
copying file ./Payload/嘀嘀点呗.app/纸飞机@3x.png ... 
2018-04-20 01:25:29 +0000  18176 bytes for ./Payload/嘀嘀点呗.app/纸飞机@3x.png
copying file ./Payload/嘀嘀点呗.app/51514284697_.pic_hd.jpg ... 
2018-04-20 01:25:29 +0000  150818 bytes for ./Payload/嘀嘀点呗.app/51514284697_.pic_hd.jpg
copying file ./Payload/嘀嘀点呗.app/独立吸烟区 (1).png ... 
2018-04-20 01:25:29 +0000  1079 bytes for ./Payload/嘀嘀点呗.app/独立吸烟区 (1).png
copying file ./Payload/嘀嘀点呗.app/编辑 (1)@3x.png ... 
2018-04-20 01:25:29 +0000  1809 bytes for ./Payload/嘀嘀点呗.app/编辑 (1)@3x.png
copying file ./Payload/嘀嘀点呗.app/椭圆 1 拷贝@2x.png ... 
2018-04-20 01:25:29 +0000  246 bytes for ./Payload/嘀嘀点呗.app/椭圆 1 拷贝@2x.png
2018-04-20 01:25:29 +0000  copying file ./Payload/嘀嘀点呗.app/Info.plist ... 
2018-04-20 01:25:29 +0000  1659 bytes for ./Payload/嘀嘀点呗.app/Info.plist
copying file ./Payload/嘀嘀点呗.app/药 (1).png ... 
2018-04-20 01:25:29 +0000  1041 bytes for ./Payload/嘀嘀点呗.app/药 (1).png
copying file ./Payload/嘀嘀点呗.app/评论@2x.png ... 
2018-04-20 01:25:29 +0000  1824 bytes for ./Payload/嘀嘀点呗.app/评论@2x.png
copying file ./Payload/嘀嘀点呗.app/购物车-23 (1)@2x.png ... 
2018-04-20 01:25:29 +0000  8351 bytes for ./Payload/嘀嘀点呗.app/购物车-23 (1)@2x.png
2018-04-20 01:25:29 +0000  copying file ./Payload/嘀嘀点呗.app/超出配送范围@3x.png ... 
2018-04-20 01:25:29 +0000  17129 bytes for ./Payload/嘀嘀点呗.app/超出配送范围@3x.png
copying file ./Payload/嘀嘀点呗.app/PkgInfo ... 
2018-04-20 01:25:29 +0000  8 bytes for ./Payload/嘀嘀点呗.app/PkgInfo
copying file ./Payload/嘀嘀点呗.app/地址 (1).png ... 
2018-04-20 01:25:29 +0000  857 bytes for ./Payload/嘀嘀点呗.app/地址 (1).png
2018-04-20 01:25:29 +0000  2018-04-20 01:25:29 +0000  /usr/bin/ditto exited with 02018-04-20 01:25:29 +0000  


2018-04-20 01:25:29 +0000  Processing step: IDEDistributionCreateManifestStep
